app/build/outputs/logs/manifest-merger-debug-report.txt
-- Merging decision tree log ---
manifest
ADDED from src\main\AndroidManifest.xml:2:1-35:12
INJECTED from src\main\AndroidManifest.xml:2:1-35:12
INJECTED from src\main\AndroidManifest.xml:2:1-35:12
MERGED from [com.android.support:appcompat-v7:28.0.0] AndroidManifest.xml:17:1-22:12
MERGED from [com.android.support.constraint:constraint-layout:1.1.3] AndroidManifest.xml:2:1-11:12
MERGED from [com.huawei.hms:iap:4.0.1.300] AndroidManifest.xml:2:1-17:12
MERGED from [com.android.support:support-fragment:28.0.0] AndroidManifest.xml:17:1-22:12
MERGED from [com.android.support:animated-vector-drawable:28.0.0] AndroidManifest.xml:17:1-22:12
MERGED from [com.android.support:support-core-ui:28.0.0] AndroidManifest.xml:17:1-22:12
MERGED from [com.android.support:support-core-utils:28.0.0] AndroidManifest.xml:17:1-22:12
MERGED from [com.android.support:support-vector-drawable:28.0.0] AndroidManifest.xml:17:1-22:12
MERGED from [com.android.support:loader:28.0.0] AndroidManifest.xml:17:1-22:12
MERGED from [com.android.support:viewpager:28.0.0] AndroidManifest.xml:17:1-22:12
MERGED from [com.android.support:coordinatorlayout:28.0.0] AndroidManifest.xml:17:1-22:12
MERGED from [com.android.support:drawerlayout:28.0.0] AndroidManifest.xml:17:1-22:12
MERGED from [com.android.support:slidingpanelayout:28.0.0] AndroidManifest.xml:17:1-22:12
MERGED from [com.android.support:customview:28.0.0] AndroidManifest.xml:17:1-22:12
MERGED from [com.android.support:swiperefreshlayout:28.0.0] AndroidManifest.xml:17:1-22:12
MERGED from [com.android.support:asynclayoutinflater:28.0.0] AndroidManifest.xml:17:1-22:12
MERGED from [com.android.support:support-compat:28.0.0] AndroidManifest.xml:17:1-24:12
MERGED from [com.android.support:versionedparcelable:28.0.0] AndroidManifest.xml:17:1-25:12
MERGED from [com.android.support:cursoradapter:28.0.0] AndroidManifest.xml:17:1-22:12
MERGED from [android.arch.lifecycle:runtime:1.1.1] AndroidManifest.xml:17:1-22:12
MERGED from [com.android.support:documentfile:28.0.0] AndroidManifest.xml:17:1-22:12
MERGED from [com.android.support:localbroadcastmanager:28.0.0] AndroidManifest.xml:17:1-22:12
MERGED from [com.android.support:print:28.0.0] AndroidManifest.xml:17:1-22:12
MERGED from [android.arch.lifecycle:viewmodel:1.1.1] AndroidManifest.xml:17:1-22:12
MERGED from [android.arch.lifecycle:livedata:1.1.1] AndroidManifest.xml:17:1-22:12
MERGED from [android.arch.lifecycle:livedata-core:1.1.1] AndroidManifest.xml:17:1-22:12
MERGED from [android.arch.core:runtime:1.1.1] AndroidManifest.xml:17:1-22:12
MERGED from [com.android.support:interpolator:28.0.0] AndroidManifest.xml:17:1-22:12
MERGED from [com.huawei.hms:base:4.0.1.300] AndroidManifest.xml:2:1-77:12
MERGED from [com.huawei.agconnect:agconnect-core:1.0.0.300] AndroidManifest.xml:2:1-20:12
MERGED from [com.huawei.hmf:tasks:1.3.3.300] AndroidManifest.xml:2:1-10:12
MERGED from [com.huawei.hms:network-grs:4.0.0.302] AndroidManifest.xml:2:1-11:12
MERGED from [com.huawei.hms:network-common:4.0.0.302] AndroidManifest.xml:2:1-11:12
INJECTED from src\main\AndroidManifest.xml:2:1-35:12
INJECTED from src\main\AndroidManifest.xml:2:1-35:12
	package
		ADDED from src\main\AndroidManifest.xml:3:5-34
	android:versionName
		INJECTED from src\main\AndroidManifest.xml
		ADDED from src\main\AndroidManifest.xml:2:1-35:12
		INJECTED from src\main\AndroidManifest.xml
	android:versionCode
		INJECTED from src\main\AndroidManifest.xml
		ADDED from src\main\AndroidManifest.xml:2:1-35:12
		INJECTED from src\main\AndroidManifest.xml
	xmlns:android
		ADDED from src\main\AndroidManifest.xml:2:11-69
uses-permission#android.permission.ACCESS_NETWORK_STATE
ADDED from src\main\AndroidManifest.xml:5:5-79
MERGED from [com.huawei.hms:base:4.0.1.300] AndroidManifest.xml:14:5-79
MERGED from [com.huawei.hms:base:4.0.1.300] AndroidManifest.xml:14:5-79
	android:name
		ADDED from src\main\AndroidManifest.xml:5:22-76
application
ADDED from src\main\AndroidManifest.xml:7:5-33:19
MERGED from [com.android.support.constraint:constraint-layout:1.1.3] AndroidManifest.xml:9:5-20
MERGED from [com.android.support.constraint:constraint-layout:1.1.3] AndroidManifest.xml:9:5-20
MERGED from [com.huawei.hms:iap:4.0.1.300] AndroidManifest.xml:11:5-15:19
MERGED from [com.huawei.hms:iap:4.0.1.300] AndroidManifest.xml:11:5-15:19
MERGED from [com.android.support:support-compat:28.0.0] AndroidManifest.xml:22:5-94
MERGED from [com.android.support:support-compat:28.0.0] AndroidManifest.xml:22:5-94
MERGED from [com.android.support:versionedparcelable:28.0.0] AndroidManifest.xml:22:5-23:19
MERGED from [com.android.support:versionedparcelable:28.0.0] AndroidManifest.xml:22:5-23:19
MERGED from [com.huawei.hms:base:4.0.1.300] AndroidManifest.xml:20:5-75:19
MERGED from [com.huawei.hms:base:4.0.1.300] AndroidManifest.xml:20:5-75:19
MERGED from [com.huawei.agconnect:agconnect-core:1.0.0.300] AndroidManifest.xml:9:5-18:19
MERGED from [com.huawei.agconnect:agconnect-core:1.0.0.300] AndroidManifest.xml:9:5-18:19
	android:appComponentFactory
		ADDED from [com.android.support:support-compat:28.0.0] AndroidManifest.xml:22:18-91
	android:supportsRtl
		ADDED from src\main\AndroidManifest.xml:12:9-35
	android:label
		ADDED from src\main\AndroidManifest.xml:10:9-41
	android:roundIcon
		ADDED from src\main\AndroidManifest.xml:11:9-42
	android:icon
		ADDED from src\main\AndroidManifest.xml:9:9-37
	android:allowBackup
		ADDED from src\main\AndroidManifest.xml:8:9-35
	android:theme
		ADDED from src\main\AndroidManifest.xml:13:9-40
activity#com.bvutest.iapdemo.activity.NonConsumptionActivity
ADDED from src\main\AndroidManifest.xml:14:9-16:52
	android:label
		ADDED from src\main\AndroidManifest.xml:16:13-49
	android:name
		ADDED from src\main\AndroidManifest.xml:15:13-79
activity#com.bvutest.iapdemo.activity.ConsumptionActivity
ADDED from src\main\AndroidManifest.xml:17:9-20:20
	android:theme
		ADDED from src\main\AndroidManifest.xml:19:13-47
	android:name
		ADDED from src\main\AndroidManifest.xml:18:13-76
activity#com.bvutest.iapdemo.subscription.SubscriptionActivity
ADDED from src\main\AndroidManifest.xml:22:9-99
	android:name
		ADDED from src\main\AndroidManifest.xml:22:19-87
activity#com.bvutest.iapdemo.activity.EntryActivity
ADDED from src\main\AndroidManifest.xml:23:9-29:20
	android:name
		ADDED from src\main\AndroidManifest.xml:23:19-76
intent-filter#action:name:android.intent.action.MAIN+category:name:android.intent.category.LAUNCHER
ADDED from src\main\AndroidManifest.xml:24:13-28:29
action#android.intent.action.MAIN
ADDED from src\main\AndroidManifest.xml:25:17-69
	android:name
		ADDED from src\main\AndroidManifest.xml:25:25-66
category#android.intent.category.LAUNCHER
ADDED from src\main\AndroidManifest.xml:27:17-77
	android:name
		ADDED from src\main\AndroidManifest.xml:27:27-74
activity#com.bvutest.iapdemo.activity.PurchaseHistoryActivity
ADDED from src\main\AndroidManifest.xml:30:9-32:61
	android:label
		ADDED from src\main\AndroidManifest.xml:32:13-59
	android:name
		ADDED from src\main\AndroidManifest.xml:31:13-80
uses-sdk
INJECTED from src\main\AndroidManifest.xml reason: use-sdk injection requested
INJECTED from src\main\AndroidManifest.xml
INJECTED from src\main\AndroidManifest.xml
MERGED from [com.android.support:appcompat-v7:28.0.0] AndroidManifest.xml:20:5-44
MERGED from [com.android.support:appcompat-v7:28.0.0] AndroidManifest.xml:20:5-44
MERGED from [com.android.support.constraint:constraint-layout:1.1.3] AndroidManifest.xml:5:5-7:41
MERGED from [com.android.support.constraint:constraint-layout:1.1.3] AndroidManifest.xml:5:5-7:41
MERGED from [com.huawei.hms:iap:4.0.1.300] AndroidManifest.xml:7:5-9:41
MERGED from [com.huawei.hms:iap:4.0.1.300] AndroidManifest.xml:7:5-9:41
MERGED from [com.android.support:support-fragment:28.0.0] AndroidManifest.xml:20:5-44
MERGED from [com.android.support:support-fragment:28.0.0] AndroidManifest.xml:20:5-44
MERGED from [com.android.support:animated-vector-drawable:28.0.0] AndroidManifest.xml:20:5-44
MERGED from [com.android.support:animated-vector-drawable:28.0.0] AndroidManifest.xml:20:5-44
MERGED from [com.android.support:support-core-ui:28.0.0] AndroidManifest.xml:20:5-44
MERGED from [com.android.support:support-core-ui:28.0.0] AndroidManifest.xml:20:5-44
MERGED from [com.android.support:support-core-utils:28.0.0] AndroidManifest.xml:20:5-44
MERGED from [com.android.support:support-core-utils:28.0.0] AndroidManifest.xml:20:5-44
MERGED from [com.android.support:support-vector-drawable:28.0.0] AndroidManifest.xml:20:5-44
MERGED from [com.android.support:support-vector-drawable:28.0.0] AndroidManifest.xml:20:5-44
MERGED from [com.android.support:loader:28.0.0] AndroidManifest.xml:20:5-44
MERGED from [com.android.support:loader:28.0.0] AndroidManifest.xml:20:5-44
MERGED from [com.android.support:viewpager:28.0.0] AndroidManifest.xml:20:5-44
MERGED from [com.android.support:viewpager:28.0.0] AndroidManifest.xml:20:5-44
MERGED from [com.android.support:coordinatorlayout:28.0.0] AndroidManifest.xml:20:5-44
MERGED from [com.android.support:coordinatorlayout:28.0.0] AndroidManifest.xml:20:5-44
MERGED from [com.android.support:drawerlayout:28.0.0] AndroidManifest.xml:20:5-44
MERGED from [com.android.support:drawerlayout:28.0.0] AndroidManifest.xml:20:5-44
MERGED from [com.android.support:slidingpanelayout:28.0.0] AndroidManifest.xml:20:5-44
MERGED from [com.android.support:slidingpanelayout:28.0.0] AndroidManifest.xml:20:5-44
MERGED from [com.android.support:customview:28.0.0] AndroidManifest.xml:20:5-44
MERGED from [com.android.support:customview:28.0.0] AndroidManifest.xml:20:5-44
MERGED from [com.android.support:swiperefreshlayout:28.0.0] AndroidManifest.xml:20:5-44
MERGED from [com.android.support:swiperefreshlayout:28.0.0] AndroidManifest.xml:20:5-44
MERGED from [com.android.support:asynclayoutinflater:28.0.0] AndroidManifest.xml:20:5-44
MERGED from [com.android.support:asynclayoutinflater:28.0.0] AndroidManifest.xml:20:5-44
MERGED from [com.android.support:support-compat:28.0.0] AndroidManifest.xml:20:5-44
MERGED from [com.android.support:support-compat:28.0.0] AndroidManifest.xml:20:5-44
MERGED from [com.android.support:versionedparcelable:28.0.0] AndroidManifest.xml:20:5-44
MERGED from [com.android.support:versionedparcelable:28.0.0] AndroidManifest.xml:20:5-44
MERGED from [com.android.support:cursoradapter:28.0.0] AndroidManifest.xml:20:5-44
MERGED from [com.android.support:cursoradapter:28.0.0] AndroidManifest.xml:20:5-44
MERGED from [android.arch.lifecycle:runtime:1.1.1] AndroidManifest.xml:20:5-44
MERGED from [android.arch.lifecycle:runtime:1.1.1] AndroidManifest.xml:20:5-44
MERGED from [com.android.support:documentfile:28.0.0] AndroidManifest.xml:20:5-44
MERGED from [com.android.support:documentfile:28.0.0] AndroidManifest.xml:20:5-44
MERGED from [com.android.support:localbroadcastmanager:28.0.0] AndroidManifest.xml:20:5-44
MERGED from [com.android.support:localbroadcastmanager:28.0.0] AndroidManifest.xml:20:5-44
MERGED from [com.android.support:print:28.0.0] AndroidManifest.xml:20:5-44
MERGED from [com.android.support:print:28.0.0] AndroidManifest.xml:20:5-44
MERGED from [android.arch.lifecycle:viewmodel:1.1.1] AndroidManifest.xml:20:5-44
MERGED from [android.arch.lifecycle:viewmodel:1.1.1] AndroidManifest.xml:20:5-44
MERGED from [android.arch.lifecycle:livedata:1.1.1] AndroidManifest.xml:20:5-44
MERGED from [android.arch.lifecycle:livedata:1.1.1] AndroidManifest.xml:20:5-44
MERGED from [android.arch.lifecycle:livedata-core:1.1.1] AndroidManifest.xml:20:5-44
MERGED from [android.arch.lifecycle:livedata-core:1.1.1] AndroidManifest.xml:20:5-44
MERGED from [android.arch.core:runtime:1.1.1] AndroidManifest.xml:20:5-44
MERGED from [android.arch.core:runtime:1.1.1] AndroidManifest.xml:20:5-44
MERGED from [com.android.support:interpolator:28.0.0] AndroidManifest.xml:20:5-44
MERGED from [com.android.support:interpolator:28.0.0] AndroidManifest.xml:20:5-44
MERGED from [com.huawei.hms:base:4.0.1.300] AndroidManifest.xml:5:5-7:41
MERGED from [com.huawei.hms:base:4.0.1.300] AndroidManifest.xml:5:5-7:41
MERGED from [com.huawei.agconnect:agconnect-core:1.0.0.300] AndroidManifest.xml:5:5-7:41
MERGED from [com.huawei.agconnect:agconnect-core:1.0.0.300] AndroidManifest.xml:5:5-7:41
MERGED from [com.huawei.hmf:tasks:1.3.3.300] AndroidManifest.xml:6:5-8:41
MERGED from [com.huawei.hmf:tasks:1.3.3.300] AndroidManifest.xml:6:5-8:41
MERGED from [com.huawei.hms:network-grs:4.0.0.302] AndroidManifest.xml:7:5-9:41
MERGED from [com.huawei.hms:network-grs:4.0.0.302] AndroidManifest.xml:7:5-9:41
MERGED from [com.huawei.hms:network-common:4.0.0.302] AndroidManifest.xml:7:5-9:41
MERGED from [com.huawei.hms:network-common:4.0.0.302] AndroidManifest.xml:7:5-9:41
INJECTED from src\main\AndroidManifest.xml
INJECTED from src\main\AndroidManifest.xml
	android:targetSdkVersion
		INJECTED from src\main\AndroidManifest.xml
		ADDED from src\main\AndroidManifest.xml
		INJECTED from src\main\AndroidManifest.xml
	android:minSdkVersion
		INJECTED from src\main\AndroidManifest.xml
		ADDED from src\main\AndroidManifest.xml
		INJECTED from src\main\AndroidManifest.xml
meta-data#com.huawei.hms.client.service.name:iap
ADDED from [com.huawei.hms:iap:4.0.1.300] AndroidManifest.xml:12:9-14:45
	android:value
		ADDED from [com.huawei.hms:iap:4.0.1.300] AndroidManifest.xml:14:13-42
	android:name
		ADDED from [com.huawei.hms:iap:4.0.1.300] AndroidManifest.xml:13:13-66
uses-permission#android.permission.INTERNET
ADDED from [com.huawei.hms:base:4.0.1.300] AndroidManifest.xml:10:5-67
	android:name
		ADDED from [com.huawei.hms:base:4.0.1.300] AndroidManifest.xml:10:22-64
uses-permission#android.permission.WRITE_EXTERNAL_STORAGE
ADDED from [com.huawei.hms:base:4.0.1.300] AndroidManifest.xml:12:5-81
	android:name
		ADDED from [com.huawei.hms:base:4.0.1.300] AndroidManifest.xml:12:22-78
uses-permission#android.permission.REQUEST_INSTALL_PACKAGES
ADDED from [com.huawei.hms:base:4.0.1.300] AndroidManifest.xml:16:5-83
	android:name
		ADDED from [com.huawei.hms:base:4.0.1.300] AndroidManifest.xml:16:22-80
uses-permission#com.huawei.appmarket.service.commondata.permission.GET_COMMON_DATA
ADDED from [com.huawei.hms:base:4.0.1.300] AndroidManifest.xml:18:5-106
	android:name
		ADDED from [com.huawei.hms:base:4.0.1.300] AndroidManifest.xml:18:22-103
meta-data#com.huawei.hms.client.service.name:base
ADDED from [com.huawei.hms:base:4.0.1.300] AndroidManifest.xml:26:9-28:46
	android:value
		ADDED from [com.huawei.hms:base:4.0.1.300] AndroidManifest.xml:28:13-43
	android:name
		ADDED from [com.huawei.hms:base:4.0.1.300] AndroidManifest.xml:27:13-67
meta-data#com.huawei.hms.min_api_level:base:hmscore
ADDED from [com.huawei.hms:base:4.0.1.300] AndroidManifest.xml:31:9-33:33
	android:value
		ADDED from [com.huawei.hms:base:4.0.1.300] AndroidManifest.xml:33:13-30
	android:name
		ADDED from [com.huawei.hms:base:4.0.1.300] AndroidManifest.xml:32:13-69
activity#com.huawei.hms.activity.BridgeActivity
ADDED from [com.huawei.hms:base:4.0.1.300] AndroidManifest.xml:35:9-45:20
	android:excludeFromRecents
		ADDED from [com.huawei.hms:base:4.0.1.300] AndroidManifest.xml:38:13-46
	android:hardwareAccelerated
		ADDED from [com.huawei.hms:base:4.0.1.300] AndroidManifest.xml:40:13-47
	android:exported
		ADDED from [com.huawei.hms:base:4.0.1.300] AndroidManifest.xml:39:13-37
	android:configChanges
		ADDED from [com.huawei.hms:base:4.0.1.300] AndroidManifest.xml:37:13-124
	android:theme
		ADDED from [com.huawei.hms:base:4.0.1.300] AndroidManifest.xml:41:13-61
	android:name
		ADDED from [com.huawei.hms:base:4.0.1.300] AndroidManifest.xml:36:13-66
meta-data#hwc-theme
ADDED from [com.huawei.hms:base:4.0.1.300] AndroidManifest.xml:42:13-44:77
	android:value
		ADDED from [com.huawei.hms:base:4.0.1.300] AndroidManifest.xml:44:17-74
	android:name
		ADDED from [com.huawei.hms:base:4.0.1.300] AndroidManifest.xml:43:17-41
activity#com.huawei.hms.activity.EnableServiceActivity
ADDED from [com.huawei.hms:base:4.0.1.300] AndroidManifest.xml:46:9-49:20
	android:configChanges
		ADDED from [com.huawei.hms:base:4.0.1.300] AndroidManifest.xml:48:13-106
	android:name
		ADDED from [com.huawei.hms:base:4.0.1.300] AndroidManifest.xml:47:13-73
activity#com.huawei.updatesdk.service.otaupdate.AppUpdateActivity
ADDED from [com.huawei.hms:base:4.0.1.300] AndroidManifest.xml:50:9-58:20
	android:exported
		ADDED from [com.huawei.hms:base:4.0.1.300] AndroidManifest.xml:53:13-37
	android:configChanges
		ADDED from [com.huawei.hms:base:4.0.1.300] AndroidManifest.xml:52:13-91
	android:theme
		ADDED from [com.huawei.hms:base:4.0.1.300] AndroidManifest.xml:54:13-49
	android:name
		ADDED from [com.huawei.hms:base:4.0.1.300] AndroidManifest.xml:51:13-84
activity#com.huawei.updatesdk.support.pm.PackageInstallerActivity
ADDED from [com.huawei.hms:base:4.0.1.300] AndroidManifest.xml:59:9-67:20
	android:exported
		ADDED from [com.huawei.hms:base:4.0.1.300] AndroidManifest.xml:62:13-37
	android:configChanges
		ADDED from [com.huawei.hms:base:4.0.1.300] AndroidManifest.xml:61:13-106
	android:theme
		ADDED from [com.huawei.hms:base:4.0.1.300] AndroidManifest.xml:63:13-49
	android:name
		ADDED from [com.huawei.hms:base:4.0.1.300] AndroidManifest.xml:60:13-84
provider#com.huawei.hms.update.provider.UpdateProvider
ADDED from [com.huawei.hms:base:4.0.1.300] AndroidManifest.xml:69:9-74:20
	android:grantUriPermissions
		ADDED from [com.huawei.hms:base:4.0.1.300] AndroidManifest.xml:73:13-47
	android:authorities
		ADDED from [com.huawei.hms:base:4.0.1.300] AndroidManifest.xml:71:13-71
	android:exported
		ADDED from [com.huawei.hms:base:4.0.1.300] AndroidManifest.xml:72:13-37
	android:name
		ADDED from [com.huawei.hms:base:4.0.1.300] AndroidManifest.xml:70:13-73
uses-permission#android.permission.READ_EXTERNAL_STORAGE
IMPLIED from src\main\AndroidManifest.xml:2:1-35:12 reason: com.huawei.android.hms.base requested WRITE_EXTERNAL_STORAGE
provider#com.huawei.agconnect.core.provider.AGConnectInitializeProvider
ADDED from [com.huawei.agconnect:agconnect-core:1.0.0.300] AndroidManifest.xml:10:9-13:40
	android:authorities
		ADDED from [com.huawei.agconnect:agconnect-core:1.0.0.300] AndroidManifest.xml:12:13-73
	android:exported
		ADDED from [com.huawei.agconnect:agconnect-core:1.0.0.300] AndroidManifest.xml:13:13-37
	android:name
		ADDED from [com.huawei.agconnect:agconnect-core:1.0.0.300] AndroidManifest.xml:11:13-90
service#com.huawei.agconnect.core.ServiceDiscovery
ADDED from [com.huawei.agconnect:agconnect-core:1.0.0.300] AndroidManifest.xml:15:9-17:40
	android:exported
		ADDED from [com.huawei.agconnect:agconnect-core:1.0.0.300] AndroidManifest.xml:17:13-37
	android:name
		ADDED from [com.huawei.agconnect:agconnect-core:1.0.0.300] AndroidManifest.xml:16:13-70